2013-07-23 23:27:46,118 ERROR [main] - org.scala-ide.sdt.core - org.scala-ide.sdt.core - org.scala-ide.sdt.core - 0 - Error during askOption
java.lang.StringIndexOutOfBoundsException: String index out of range: -1
	at java.lang.String.substring(Unknown Source)
	at scala.tools.refactoring.common.PimpedTrees$TreeMethodsForPositions.nameString(PimpedTrees.scala:315)
	at scala.tools.refactoring.common.PimpedTrees$TreeMethodsForPositions.namePosition(PimpedTrees.scala:224)
	at scala.tools.eclipse.semantichighlighting.classifier.SafeSymbol$$anonfun$5.apply(SafeSymbol.scala:111)
	at scala.tools.eclipse.semantichighlighting.classifier.SafeSymbol$$anonfun$5.apply(SafeSymbol.scala:111)
	at scala.tools.nsc.util.InterruptReq.execute(InterruptReq.scala:26)
	at scala.tools.nsc.interactive.Global.pollForWork(Global.scala:340)
	at scala.tools.nsc.interactive.Global.pollForWork(Global.scala:345)
	at scala.tools.nsc.interactive.Global.pollForWork(Global.scala:345)
	at scala.tools.nsc.interactive.Global.pollForWork(Global.scala:345)
	at scala.tools.nsc.interactive.Global.pollForWork(Global.scala:345)
	at scala.tools.nsc.interactive.Global.pollForWork(Global.scala:345)
	at scala.tools.nsc.interactive.Global.pollForWork(Global.scala:345)
	at scala.tools.nsc.interactive.Global.pollForWork(Global.scala:345)
	at scala.tools.nsc.interactive.Global.pollForWork(Global.scala:345)
	at scala.tools.nsc.interactive.Global.pollForWork(Global.scala:345)
	at scala.tools.nsc.interactive.Global.pollForWork(Global.scala:345)
	at scala.tools.nsc.interactive.Global.pollForWork(Global.scala:345)
	at scala.tools.nsc.interactive.Global.pollForWork(Global.scala:345)
	at scala.tools.nsc.interactive.Global.pollForWork(Global.scala:345)
	at scala.tools.nsc.interactive.Global.pollForWork(Global.scala:345)
	at scala.tools.nsc.interactive.Global.pollForWork(Global.scala:345)
	at scala.tools.nsc.interactive.Global.pollForWork(Global.scala:345)
	at scala.tools.nsc.interactive.Global.pollForWork(Global.scala:345)
	at scala.tools.nsc.interactive.Global.pollForWork(Global.scala:345)
	at scala.tools.nsc.interactive.Global.pollForWork(Global.scala:345)
	at scala.tools.nsc.interactive.Global.pollForWork(Global.scala:345)
	at scala.tools.nsc.interactive.Global.pollForWork(Global.scala:345)
	at scala.tools.nsc.interactive.Global.pollForWork(Global.scala:345)
	at scala.tools.nsc.interactive.Global.pollForWork(Global.scala:345)
	at scala.tools.nsc.interactive.Global.pollForWork(Global.scala:345)
	at scala.tools.nsc.interactive.Global.pollForWork(Global.scala:345)
	at scala.tools.nsc.interactive.Global.pollForWork(Global.scala:345)
	at scala.tools.nsc.interactive.Global.pollForWork(Global.scala:345)
	at scala.tools.nsc.interactive.Global.pollForWork(Global.scala:345)
	at scala.tools.nsc.interactive.Global.pollForWork(Global.scala:345)
	at scala.tools.nsc.interactive.Global.pollForWork(Global.scala:345)
	at scala.tools.nsc.interactive.Global.pollForWork(Global.scala:345)
	at scala.tools.nsc.interactive.Global.pollForWork(Global.scala:345)
	at scala.tools.nsc.interactive.Global.pollForWork(Global.scala:345)
	at scala.tools.nsc.interactive.Global.pollForWork(Global.scala:345)
	at scala.tools.nsc.interactive.Global.pollForWork(Global.scala:345)
	at scala.tools.nsc.interactive.Global.pollForWork(Global.scala:345)
	at scala.tools.nsc.interactive.Global.pollForWork(Global.scala:345)
	at scala.tools.nsc.interactive.Global.pollForWork(Global.scala:345)
	at scala.tools.nsc.interactive.Global.pollForWork(Global.scala:345)
	at scala.tools.nsc.interactive.Global.pollForWork(Global.scala:345)
	at scala.tools.nsc.interactive.Global.pollForWork(Global.scala:345)
	at scala.tools.nsc.interactive.Global.pollForWork(Global.scala:345)
	at scala.tools.nsc.interactive.Global.pollForWork(Global.scala:345)
	at scala.tools.nsc.interactive.Global.pollForWork(Global.scala:345)
	at scala.tools.nsc.interactive.Global.pollForWork(Global.scala:345)
	at scala.tools.nsc.interactive.Global.pollForWork(Global.scala:345)
	at scala.tools.nsc.interactive.Global.pollForWork(Global.scala:345)
	at scala.tools.nsc.interactive.Global.pollForWork(Global.scala:345)
	at scala.tools.nsc.interactive.Global.pollForWork(Global.scala:345)
	at scala.tools.nsc.interactive.Global.pollForWork(Global.scala:345)
	at scala.tools.nsc.interactive.Global.pollForWork(Global.scala:345)
	at scala.tools.nsc.interactive.Global.pollForWork(Global.scala:345)
	at scala.tools.nsc.interactive.Global.pollForWork(Global.scala:345)
	at scala.tools.nsc.interactive.Global.pollForWork(Global.scala:345)
	at scala.tools.nsc.interactive.Global.pollForWork(Global.scala:345)
	at scala.tools.nsc.interactive.Global.pollForWork(Global.scala:345)
	at scala.tools.nsc.interactive.Global.pollForWork(Global.scala:345)
	at scala.tools.nsc.interactive.Global.pollForWork(Global.scala:345)
	at scala.tools.nsc.interactive.Global.pollForWork(Global.scala:345)
	at scala.tools.nsc.interactive.Global.pollForWork(Global.scala:345)
	at scala.tools.nsc.interactive.Global.pollForWork(Global.scala:345)
	at scala.tools.nsc.interactive.Global.pollForWork(Global.scala:345)
	at scala.tools.nsc.interactive.Global.pollForWork(Global.scala:345)
	at scala.tools.nsc.interactive.Global.pollForWork(Global.scala:345)
	at scala.tools.nsc.interactive.Global.pollForWork(Global.scala:345)
	at scala.tools.nsc.interactive.Global.pollForWork(Global.scala:345)
	at scala.tools.nsc.interactive.Global.pollForWork(Global.scala:345)
	at scala.tools.nsc.interactive.Global.pollForWork(Global.scala:345)
	at scala.tools.nsc.interactive.Global.pollForWork(Global.scala:345)
	at scala.tools.nsc.interactive.Global.pollForWork(Global.scala:345)
	at scala.tools.nsc.interactive.Global.pollForWork(Global.scala:345)
	at scala.tools.nsc.interactive.Global.pollForWork(Global.scala:345)
	at scala.tools.nsc.interactive.Global.pollForWork(Global.scala:345)
	at scala.tools.nsc.interactive.Global.pollForWork(Global.scala:345)
	at scala.tools.nsc.interactive.Global.pollForWork(Global.scala:345)
	at scala.tools.nsc.interactive.Global.pollForWork(Global.scala:345)
	at scala.tools.nsc.interactive.Global.pollForWork(Global.scala:345)
	at scala.tools.nsc.interactive.Global.pollForWork(Global.scala:345)
	at scala.tools.nsc.interactive.Global.pollForWork(Global.scala:345)
	at scala.tools.nsc.interactive.Global.pollForWork(Global.scala:345)
	at scala.tools.nsc.interactive.Global.pollForWork(Global.scala:345)
	at scala.tools.nsc.interactive.Global.pollForWork(Global.scala:345)
	at scala.tools.nsc.interactive.Global.pollForWork(Global.scala:345)
	at scala.tools.nsc.interactive.Global.pollForWork(Global.scala:345)
	at scala.tools.nsc.interactive.Global.pollForWork(Global.scala:345)
	at scala.tools.nsc.interactive.Global.pollForWork(Global.scala:345)
	at scala.tools.nsc.interactive.Global.pollForWork(Global.scala:345)
	at scala.tools.nsc.interactive.Global.pollForWork(Global.scala:345)
	at scala.tools.nsc.interactive.Global.pollForWork(Global.scala:345)
	at scala.tools.nsc.interactive.Global.pollForWork(Global.scala:345)
	at scala.tools.nsc.interactive.Global.pollForWork(Global.scala:345)
	at scala.tools.nsc.interactive.Global.pollForWork(Global.scala:345)
	at scala.tools.nsc.interactive.Global.pollForWork(Global.scala:345)
	at scala.tools.nsc.interactive.Global.pollForWork(Global.scala:345)
	at scala.tools.nsc.interactive.Global.pollForWork(Global.scala:345)
	at scala.tools.nsc.interactive.Global.pollForWork(Global.scala:345)
	at scala.tools.nsc.interactive.Global.pollForWork(Global.scala:345)
	at scala.tools.nsc.interactive.Global.pollForWork(Global.scala:345)
	at scala.tools.nsc.interactive.Global.pollForWork(Global.scala:345)
	at scala.tools.nsc.interactive.Global.pollForWork(Global.scala:345)
	at scala.tools.nsc.interactive.Global.pollForWork(Global.scala:345)
	at scala.tools.nsc.interactive.Global.pollForWork(Global.scala:345)
	at scala.tools.nsc.interactive.Global.pollForWork(Global.scala:345)
	at scala.tools.nsc.interactive.Global.pollForWork(Global.scala:345)
	at scala.tools.nsc.interactive.Global.pollForWork(Global.scala:345)
	at scala.tools.nsc.interactive.Global.pollForWork(Global.scala:345)
	at scala.tools.nsc.interactive.Global.pollForWork(Global.scala:345)
	at scala.tools.nsc.interactive.Global.pollForWork(Global.scala:345)
	at scala.tools.nsc.interactive.Global.pollForWork(Global.scala:345)
	at scala.tools.nsc.interactive.Global.pollForWork(Global.scala:345)
	at scala.tools.nsc.interactive.Global.pollForWork(Global.scala:345)
	at scala.tools.nsc.interactive.Global.pollForWork(Global.scala:345)
	at scala.tools.nsc.interactive.Global.pollForWork(Global.scala:345)
	at scala.tools.nsc.interactive.Global.pollForWork(Global.scala:345)
	at scala.tools.nsc.interactive.Global.pollForWork(Global.scala:345)
	at scala.tools.nsc.interactive.Global.pollForWork(Global.scala:345)
	at scala.tools.nsc.interactive.Global.pollForWork(Global.scala:345)
	at scala.tools.nsc.interactive.Global.pollForWork(Global.scala:345)
	at scala.tools.nsc.interactive.Global.pollForWork(Global.scala:345)
	at scala.tools.nsc.interactive.Global.pollForWork(Global.scala:345)
	at scala.tools.nsc.interactive.Global.pollForWork(Global.scala:345)
	at scala.tools.nsc.interactive.Global.pollForWork(Global.scala:345)
	at scala.tools.nsc.interactive.Global.pollForWork(Global.scala:345)
	at scala.tools.nsc.interactive.Global.pollForWork(Global.scala:345)
	at scala.tools.nsc.interactive.Global.pollForWork(Global.scala:345)
	at scala.tools.nsc.interactive.Global.pollForWork(Global.scala:345)
	at scala.tools.nsc.interactive.Global.pollForWork(Global.scala:345)
	at scala.tools.nsc.interactive.Global.pollForWork(Global.scala:345)
	at scala.tools.nsc.interactive.Global.pollForWork(Global.scala:345)
	at scala.tools.nsc.interactive.Global.pollForWork(Global.scala:345)
	at scala.tools.nsc.interactive.Global.pollForWork(Global.scala:345)
	at scala.tools.nsc.interactive.Global.pollForWork(Global.scala:345)
	at scala.tools.nsc.interactive.Global.pollForWork(Global.scala:345)
	at scala.tools.nsc.interactive.Global.pollForWork(Global.scala:345)
	at scala.tools.nsc.interactive.Global.pollForWork(Global.scala:345)
	at scala.tools.nsc.interactive.Global.pollForWork(Global.scala:345)
	at scala.tools.nsc.interactive.Global.pollForWork(Global.scala:345)
	at scala.tools.nsc.interactive.Global.pollForWork(Global.scala:345)
	at scala.tools.nsc.interactive.PresentationCompilerThread.run(PresentationCompilerThread.scala:22)
2013-07-23 23:27:49,111 ERROR [main] - org.scala-ide.sdt.core - org.scala-ide.sdt.core - org.scala-ide.sdt.core - 0 - Error during askOption
java.lang.StringIndexOutOfBoundsException: String index out of range: -1
	at java.lang.String.substring(Unknown Source)
	at scala.tools.refactoring.common.PimpedTrees$TreeMethodsForPositions.nameString(PimpedTrees.scala:315)
	at scala.tools.refactoring.common.PimpedTrees$TreeMethodsForPositions.namePosition(PimpedTrees.scala:224)
	at scala.tools.eclipse.semantichighlighting.classifier.SafeSymbol$$anonfun$5.apply(SafeSymbol.scala:111)
	at scala.tools.eclipse.semantichighlighting.classifier.SafeSymbol$$anonfun$5.apply(SafeSymbol.scala:111)
	at scala.tools.nsc.util.InterruptReq.execute(InterruptReq.scala:26)
	at scala.tools.nsc.interactive.Global.pollForWork(Global.scala:340)
	at scala.tools.nsc.interactive.PresentationCompilerThread.run(PresentationCompilerThread.scala:22)
2013-07-23 23:27:51,667  WARN [org.eclipse.jdt.internal.ui.text.JavaReconciler] - ImplicitHighlightingPresenter - Timeout while waiting for `askLoadedTyped` during implicit highlighting.
2013-07-23 23:27:51,869  WARN [org.eclipse.jdt.internal.ui.text.JavaReconciler] - ImplicitHighlightingPresenter - Timeout while waiting for `askLoadedTyped` during implicit highlighting.
2013-07-23 23:27:53,313 ERROR [main] - org.scala-ide.sdt.core - org.scala-ide.sdt.core - org.scala-ide.sdt.core - 0 - Error during askOption
java.lang.StringIndexOutOfBoundsException: String index out of range: -1
	at java.lang.String.substring(Unknown Source)
	at scala.tools.refactoring.common.PimpedTrees$TreeMethodsForPositions.nameString(PimpedTrees.scala:315)
	at scala.tools.refactoring.common.PimpedTrees$TreeMethodsForPositions.namePosition(PimpedTrees.scala:224)
	at scala.tools.eclipse.semantichighlighting.classifier.SafeSymbol$$anonfun$5.apply(SafeSymbol.scala:111)
	at scala.tools.eclipse.semantichighlighting.classifier.SafeSymbol$$anonfun$5.apply(SafeSymbol.scala:111)
	at scala.tools.nsc.util.InterruptReq.execute(InterruptReq.scala:26)
	at scala.tools.nsc.interactive.Global.pollForWork(Global.scala:340)
	at scala.tools.nsc.interactive.PresentationCompilerThread.run(PresentationCompilerThread.scala:22)
2013-07-23 23:27:56,710 ERROR [main] - org.scala-ide.sdt.core - org.scala-ide.sdt.core - org.scala-ide.sdt.core - 0 - Error during askOption
java.lang.StringIndexOutOfBoundsException: String index out of range: -1
	at java.lang.String.substring(Unknown Source)
	at scala.tools.refactoring.common.PimpedTrees$TreeMethodsForPositions.nameString(PimpedTrees.scala:315)
	at scala.tools.refactoring.common.PimpedTrees$TreeMethodsForPositions.namePosition(PimpedTrees.scala:224)
	at scala.tools.eclipse.semantichighlighting.classifier.SafeSymbol$$anonfun$5.apply(SafeSymbol.scala:111)
	at scala.tools.eclipse.semantichighlighting.classifier.SafeSymbol$$anonfun$5.apply(SafeSymbol.scala:111)
	at scala.tools.nsc.util.InterruptReq.execute(InterruptReq.scala:26)
	at scala.tools.nsc.interactive.Global.pollForWork(Global.scala:340)
	at scala.tools.nsc.interactive.Global.pollForWork(Global.scala:345)
	at scala.tools.nsc.interactive.Global.pollForWork(Global.scala:345)
	at scala.tools.nsc.interactive.Global.pollForWork(Global.scala:345)
	at scala.tools.nsc.interactive.Global.pollForWork(Global.scala:345)
	at scala.tools.nsc.interactive.Global.pollForWork(Global.scala:345)
	at scala.tools.nsc.interactive.Global.pollForWork(Global.scala:345)
	at scala.tools.nsc.interactive.Global.pollForWork(Global.scala:345)
	at scala.tools.nsc.interactive.Global.pollForWork(Global.scala:345)
	at scala.tools.nsc.interactive.Global.pollForWork(Global.scala:345)
	at scala.tools.nsc.interactive.Global.pollForWork(Global.scala:345)
	at scala.tools.nsc.interactive.Global.pollForWork(Global.scala:345)
	at scala.tools.nsc.interactive.Global.pollForWork(Global.scala:345)
	at scala.tools.nsc.interactive.Global.pollForWork(Global.scala:345)
	at scala.tools.nsc.interactive.Global.pollForWork(Global.scala:345)
	at scala.tools.nsc.interactive.Global.pollForWork(Global.scala:345)
	at scala.tools.nsc.interactive.Global.pollForWork(Global.scala:345)
	at scala.tools.nsc.interactive.Global.pollForWork(Global.scala:345)
	at scala.tools.nsc.interactive.Global.pollForWork(Global.scala:345)
	at scala.tools.nsc.interactive.Global.pollForWork(Global.scala:345)
	at scala.tools.nsc.interactive.Global.pollForWork(Global.scala:345)
	at scala.tools.nsc.interactive.Global.pollForWork(Global.scala:345)
	at scala.tools.nsc.interactive.Global.pollForWork(Global.scala:345)
	at scala.tools.nsc.interactive.Global.pollForWork(Global.scala:345)
	at scala.tools.nsc.interactive.Global.pollForWork(Global.scala:345)
	at scala.tools.nsc.interactive.Global.pollForWork(Global.scala:345)
	at scala.tools.nsc.interactive.Global.pollForWork(Global.scala:345)
	at scala.tools.nsc.interactive.Global.pollForWork(Global.scala:345)
	at scala.tools.nsc.interactive.Global.pollForWork(Global.scala:345)
	at scala.tools.nsc.interactive.Global.pollForWork(Global.scala:345)
	at scala.tools.nsc.interactive.Global.pollForWork(Global.scala:345)
	at scala.tools.nsc.interactive.Global.pollForWork(Global.scala:345)
	at scala.tools.nsc.interactive.Global.pollForWork(Global.scala:345)
	at scala.tools.nsc.interactive.Global.pollForWork(Global.scala:345)
	at scala.tools.nsc.interactive.Global.pollForWork(Global.scala:345)
	at scala.tools.nsc.interactive.Global.pollForWork(Global.scala:345)
	at scala.tools.nsc.interactive.Global.pollForWork(Global.scala:345)
	at scala.tools.nsc.interactive.Global.pollForWork(Global.scala:345)
	at scala.tools.nsc.interactive.Global.pollForWork(Global.scala:345)
	at scala.tools.nsc.interactive.Global.pollForWork(Global.scala:345)
	at scala.tools.nsc.interactive.Global.pollForWork(Global.scala:345)
	at scala.tools.nsc.interactive.Global.pollForWork(Global.scala:345)
	at scala.tools.nsc.interactive.Global.pollForWork(Global.scala:345)
	at scala.tools.nsc.interactive.Global.pollForWork(Global.scala:345)
	at scala.tools.nsc.interactive.Global.pollForWork(Global.scala:345)
	at scala.tools.nsc.interactive.Global.pollForWork(Global.scala:345)
	at scala.tools.nsc.interactive.Global.pollForWork(Global.scala:345)
	at scala.tools.nsc.interactive.Global.pollForWork(Global.scala:345)
	at scala.tools.nsc.interactive.Global.pollForWork(Global.scala:345)
	at scala.tools.nsc.interactive.Global.pollForWork(Global.scala:345)
	at scala.tools.nsc.interactive.Global.pollForWork(Global.scala:345)
	at scala.tools.nsc.interactive.Global.pollForWork(Global.scala:345)
	at scala.tools.nsc.interactive.Global.pollForWork(Global.scala:345)
	at scala.tools.nsc.interactive.Global.pollForWork(Global.scala:345)
	at scala.tools.nsc.interactive.Global.pollForWork(Global.scala:345)
	at scala.tools.nsc.interactive.Global.pollForWork(Global.scala:345)
	at scala.tools.nsc.interactive.Global.pollForWork(Global.scala:345)
	at scala.tools.nsc.interactive.Global.pollForWork(Global.scala:345)
	at scala.tools.nsc.interactive.Global.pollForWork(Global.scala:345)
	at scala.tools.nsc.interactive.Global.pollForWork(Global.scala:345)
	at scala.tools.nsc.interactive.Global.pollForWork(Global.scala:345)
	at scala.tools.nsc.interactive.Global.pollForWork(Global.scala:345)
	at scala.tools.nsc.interactive.Global.pollForWork(Global.scala:345)
	at scala.tools.nsc.interactive.Global.pollForWork(Global.scala:345)
	at scala.tools.nsc.interactive.Global.pollForWork(Global.scala:345)
	at scala.tools.nsc.interactive.Global.pollForWork(Global.scala:345)
	at scala.tools.nsc.interactive.Global.pollForWork(Global.scala:345)
	at scala.tools.nsc.interactive.Global.pollForWork(Global.scala:345)
	at scala.tools.nsc.interactive.Global.pollForWork(Global.scala:345)
	at scala.tools.nsc.interactive.Global.pollForWork(Global.scala:345)
	at scala.tools.nsc.interactive.Global.pollForWork(Global.scala:345)
	at scala.tools.nsc.interactive.Global.pollForWork(Global.scala:345)
	at scala.tools.nsc.interactive.Global.pollForWork(Global.scala:345)
	at scala.tools.nsc.interactive.Global.pollForWork(Global.scala:345)
	at scala.tools.nsc.interactive.Global.pollForWork(Global.scala:345)
	at scala.tools.nsc.interactive.Global.pollForWork(Global.scala:345)
	at scala.tools.nsc.interactive.Global.pollForWork(Global.scala:345)
	at scala.tools.nsc.interactive.Global.pollForWork(Global.scala:345)
	at scala.tools.nsc.interactive.Global.pollForWork(Global.scala:345)
	at scala.tools.nsc.interactive.Global.pollForWork(Global.scala:345)
	at scala.tools.nsc.interactive.Global.pollForWork(Global.scala:345)
	at scala.tools.nsc.interactive.Global.pollForWork(Global.scala:345)
	at scala.tools.nsc.interactive.Global.pollForWork(Global.scala:345)
	at scala.tools.nsc.interactive.Global.pollForWork(Global.scala:345)
	at scala.tools.nsc.interactive.Global.pollForWork(Global.scala:345)
	at scala.tools.nsc.interactive.Global.pollForWork(Global.scala:345)
	at scala.tools.nsc.interactive.Global.pollForWork(Global.scala:345)
	at scala.tools.nsc.interactive.Global.pollForWork(Global.scala:345)
	at scala.tools.nsc.interactive.Global.pollForWork(Global.scala:345)
	at scala.tools.nsc.interactive.Global.pollForWork(Global.scala:345)
	at scala.tools.nsc.interactive.Global.pollForWork(Global.scala:345)
	at scala.tools.nsc.interactive.Global.pollForWork(Global.scala:345)
	at scala.tools.nsc.interactive.Global.pollForWork(Global.scala:345)
	at scala.tools.nsc.interactive.Global.pollForWork(Global.scala:345)
	at scala.tools.nsc.interactive.Global.pollForWork(Global.scala:345)
	at scala.tools.nsc.interactive.Global.pollForWork(Global.scala:345)
	at scala.tools.nsc.interactive.Global.pollForWork(Global.scala:345)
	at scala.tools.nsc.interactive.PresentationCompilerThread.run(PresentationCompilerThread.scala:22)
2013-07-23 23:27:57,394 ERROR [main] - org.scala-ide.sdt.core - org.scala-ide.sdt.core - org.scala-ide.sdt.core - 0 - Error during askOption
java.lang.StringIndexOutOfBoundsException: String index out of range: -1
	at java.lang.String.substring(Unknown Source)
	at scala.tools.refactoring.common.PimpedTrees$TreeMethodsForPositions.nameString(PimpedTrees.scala:315)
	at scala.tools.refactoring.common.PimpedTrees$TreeMethodsForPositions.namePosition(PimpedTrees.scala:224)
	at scala.tools.eclipse.semantichighlighting.classifier.SafeSymbol$$anonfun$5.apply(SafeSymbol.scala:111)
	at scala.tools.eclipse.semantichighlighting.classifier.SafeSymbol$$anonfun$5.apply(SafeSymbol.scala:111)
	at scala.tools.nsc.util.InterruptReq.execute(InterruptReq.scala:26)
	at scala.tools.nsc.interactive.Global.pollForWork(Global.scala:340)
	at scala.tools.nsc.interactive.Global.pollForWork(Global.scala:345)
	at scala.tools.nsc.interactive.Global.pollForWork(Global.scala:345)
	at scala.tools.nsc.interactive.Global.pollForWork(Global.scala:345)
	at scala.tools.nsc.interactive.Global.pollForWork(Global.scala:345)
	at scala.tools.nsc.interactive.Global.pollForWork(Global.scala:345)
	at scala.tools.nsc.interactive.Global.pollForWork(Global.scala:345)
	at scala.tools.nsc.interactive.Global.pollForWork(Global.scala:345)
	at scala.tools.nsc.interactive.Global.pollForWork(Global.scala:345)
	at scala.tools.nsc.interactive.Global.pollForWork(Global.scala:345)
	at scala.tools.nsc.interactive.Global.pollForWork(Global.scala:345)
	at scala.tools.nsc.interactive.Global.pollForWork(Global.scala:345)
	at scala.tools.nsc.interactive.Global.pollForWork(Global.scala:345)
	at scala.tools.nsc.interactive.Global.pollForWork(Global.scala:345)
	at scala.tools.nsc.interactive.Global.pollForWork(Global.scala:345)
	at scala.tools.nsc.interactive.Global.pollForWork(Global.scala:345)
	at scala.tools.nsc.interactive.Global.pollForWork(Global.scala:345)
	at scala.tools.nsc.interactive.Global.pollForWork(Global.scala:345)
	at scala.tools.nsc.interactive.Global.pollForWork(Global.scala:345)
	at scala.tools.nsc.interactive.Global.pollForWork(Global.scala:345)
	at scala.tools.nsc.interactive.Global.pollForWork(Global.scala:345)
	at scala.tools.nsc.interactive.Global.pollForWork(Global.scala:345)
	at scala.tools.nsc.interactive.Global.pollForWork(Global.scala:345)
	at scala.tools.nsc.interactive.Global.pollForWork(Global.scala:345)
	at scala.tools.nsc.interactive.Global.pollForWork(Global.scala:345)
	at scala.tools.nsc.interactive.Global.pollForWork(Global.scala:345)
	at scala.tools.nsc.interactive.Global.pollForWork(Global.scala:345)
	at scala.tools.nsc.interactive.Global.pollForWork(Global.scala:345)
	at scala.tools.nsc.interactive.Global.pollForWork(Global.scala:345)
	at scala.tools.nsc.interactive.Global.pollForWork(Global.scala:345)
	at scala.tools.nsc.interactive.Global.pollForWork(Global.scala:345)
	at scala.tools.nsc.interactive.Global.pollForWork(Global.scala:345)
	at scala.tools.nsc.interactive.Global.pollForWork(Global.scala:345)
	at scala.tools.nsc.interactive.Global.pollForWork(Global.scala:345)
	at scala.tools.nsc.interactive.Global.pollForWork(Global.scala:345)
	at scala.tools.nsc.interactive.Global.pollForWork(Global.scala:345)
	at scala.tools.nsc.interactive.Global.pollForWork(Global.scala:345)
	at scala.tools.nsc.interactive.Global.pollForWork(Global.scala:345)
	at scala.tools.nsc.interactive.Global.pollForWork(Global.scala:345)
	at scala.tools.nsc.interactive.Global.pollForWork(Global.scala:345)
	at scala.tools.nsc.interactive.Global.pollForWork(Global.scala:345)
	at scala.tools.nsc.interactive.Global.pollForWork(Global.scala:345)
	at scala.tools.nsc.interactive.Global.pollForWork(Global.scala:345)
	at scala.tools.nsc.interactive.Global.pollForWork(Global.scala:345)
	at scala.tools.nsc.interactive.Global.pollForWork(Global.scala:345)
	at scala.tools.nsc.interactive.Global.pollForWork(Global.scala:345)
	at scala.tools.nsc.interactive.Global.pollForWork(Global.scala:345)
	at scala.tools.nsc.interactive.Global.pollForWork(Global.scala:345)
	at scala.tools.nsc.interactive.Global.pollForWork(Global.scala:345)
	at scala.tools.nsc.interactive.Global.pollForWork(Global.scala:345)
	at scala.tools.nsc.interactive.Global.pollForWork(Global.scala:345)
	at scala.tools.nsc.interactive.Global.pollForWork(Global.scala:345)
	at scala.tools.nsc.interactive.Global.pollForWork(Global.scala:345)
	at scala.tools.nsc.interactive.Global.pollForWork(Global.scala:345)
	at scala.tools.nsc.interactive.Global.pollForWork(Global.scala:345)
	at scala.tools.nsc.interactive.Global.pollForWork(Global.scala:345)
	at scala.tools.nsc.interactive.Global.pollForWork(Global.scala:345)
	at scala.tools.nsc.interactive.Global.pollForWork(Global.scala:345)
	at scala.tools.nsc.interactive.Global.pollForWork(Global.scala:345)
	at scala.tools.nsc.interactive.Global.pollForWork(Global.scala:345)
	at scala.tools.nsc.interactive.Global.pollForWork(Global.scala:345)
	at scala.tools.nsc.interactive.Global.pollForWork(Global.scala:345)
	at scala.tools.nsc.interactive.Global.pollForWork(Global.scala:345)
	at scala.tools.nsc.interactive.Global.pollForWork(Global.scala:345)
	at scala.tools.nsc.interactive.Global.pollForWork(Global.scala:345)
	at scala.tools.nsc.interactive.Global.pollForWork(Global.scala:345)
	at scala.tools.nsc.interactive.Global.pollForWork(Global.scala:345)
	at scala.tools.nsc.interactive.Global.pollForWork(Global.scala:345)
	at scala.tools.nsc.interactive.Global.pollForWork(Global.scala:345)
	at scala.tools.nsc.interactive.Global.pollForWork(Global.scala:345)
	at scala.tools.nsc.interactive.Global.pollForWork(Global.scala:345)
	at scala.tools.nsc.interactive.Global.pollForWork(Global.scala:345)
	at scala.tools.nsc.interactive.Global.pollForWork(Global.scala:345)
	at scala.tools.nsc.interactive.Global.pollForWork(Global.scala:345)
	at scala.tools.nsc.interactive.Global.pollForWork(Global.scala:345)
	at scala.tools.nsc.interactive.Global.pollForWork(Global.scala:345)
	at scala.tools.nsc.interactive.Global.pollForWork(Global.scala:345)
	at scala.tools.nsc.interactive.Global.pollForWork(Global.scala:345)
	at scala.tools.nsc.interactive.Global.pollForWork(Global.scala:345)
	at scala.tools.nsc.interactive.Global.pollForWork(Global.scala:345)
	at scala.tools.nsc.interactive.Global.pollForWork(Global.scala:345)
	at scala.tools.nsc.interactive.Global.pollForWork(Global.scala:345)
	at scala.tools.nsc.interactive.Global.pollForWork(Global.scala:345)
	at scala.tools.nsc.interactive.Global.pollForWork(Global.scala:345)
	at scala.tools.nsc.interactive.Global.pollForWork(Global.scala:345)
	at scala.tools.nsc.interactive.Global.pollForWork(Global.scala:345)
	at scala.tools.nsc.interactive.Global.pollForWork(Global.scala:345)
	at scala.tools.nsc.interactive.Global.pollForWork(Global.scala:345)
	at scala.tools.nsc.interactive.Global.pollForWork(Global.scala:345)
	at scala.tools.nsc.interactive.Global.pollForWork(Global.scala:345)
	at scala.tools.nsc.interactive.Global.pollForWork(Global.scala:345)
	at scala.tools.nsc.interactive.Global.pollForWork(Global.scala:345)
	at scala.tools.nsc.interactive.Global.pollForWork(Global.scala:345)
	at scala.tools.nsc.interactive.Global.pollForWork(Global.scala:345)
	at scala.tools.nsc.interactive.Global.pollForWork(Global.scala:345)
	at scala.tools.nsc.interactive.Global.pollForWork(Global.scala:345)
	at scala.tools.nsc.interactive.Global.pollForWork(Global.scala:345)
	at scala.tools.nsc.interactive.Global.pollForWork(Global.scala:345)
	at scala.tools.nsc.interactive.Global.pollForWork(Global.scala:345)
	at scala.tools.nsc.interactive.Global.pollForWork(Global.scala:345)
	at scala.tools.nsc.interactive.Global.pollForWork(Global.scala:345)
	at scala.tools.nsc.interactive.Global.pollForWork(Global.scala:345)
	at scala.tools.nsc.interactive.Global.pollForWork(Global.scala:345)
	at scala.tools.nsc.interactive.Global.pollForWork(Global.scala:345)
	at scala.tools.nsc.interactive.Global.pollForWork(Global.scala:345)
	at scala.tools.nsc.interactive.Global.pollForWork(Global.scala:345)
	at scala.tools.nsc.interactive.Global.pollForWork(Global.scala:345)
	at scala.tools.nsc.interactive.Global.pollForWork(Global.scala:345)
	at scala.tools.nsc.interactive.Global.pollForWork(Global.scala:345)
	at scala.tools.nsc.interactive.Global.pollForWork(Global.scala:345)
	at scala.tools.nsc.interactive.Global.pollForWork(Global.scala:345)
	at scala.tools.nsc.interactive.Global.pollForWork(Global.scala:345)
	at scala.tools.nsc.interactive.Global.pollForWork(Global.scala:345)
	at scala.tools.nsc.interactive.Global.pollForWork(Global.scala:345)
	at scala.tools.nsc.interactive.Global.pollForWork(Global.scala:345)
	at scala.tools.nsc.interactive.Global.pollForWork(Global.scala:345)
	at scala.tools.nsc.interactive.Global.pollForWork(Global.scala:345)
	at scala.tools.nsc.interactive.Global.pollForWork(Global.scala:345)
	at scala.tools.nsc.interactive.Global.pollForWork(Global.scala:345)
	at scala.tools.nsc.interactive.Global.pollForWork(Global.scala:345)
	at scala.tools.nsc.interactive.Global.pollForWork(Global.scala:345)
	at scala.tools.nsc.interactive.Global.pollForWork(Global.scala:345)
	at scala.tools.nsc.interactive.Global.pollForWork(Global.scala:345)
	at scala.tools.nsc.interactive.Global.pollForWork(Global.scala:345)
	at scala.tools.nsc.interactive.Global.pollForWork(Global.scala:345)
	at scala.tools.nsc.interactive.Global.pollForWork(Global.scala:345)
	at scala.tools.nsc.interactive.Global.pollForWork(Global.scala:345)
	at scala.tools.nsc.interactive.Global.pollForWork(Global.scala:345)
	at scala.tools.nsc.interactive.Global.pollForWork(Global.scala:345)
	at scala.tools.nsc.interactive.Global.pollForWork(Global.scala:345)
	at scala.tools.nsc.interactive.Global.pollForWork(Global.scala:345)
	at scala.tools.nsc.interactive.Global.pollForWork(Global.scala:345)
	at scala.tools.nsc.interactive.Global.pollForWork(Global.scala:345)
	at scala.tools.nsc.interactive.Global.pollForWork(Global.scala:345)
	at scala.tools.nsc.interactive.Global.pollForWork(Global.scala:345)
	at scala.tools.nsc.interactive.Global.pollForWork(Global.scala:345)
	at scala.tools.nsc.interactive.Global.pollForWork(Global.scala:345)
	at scala.tools.nsc.interactive.Global.pollForWork(Global.scala:345)
	at scala.tools.nsc.interactive.Global.pollForWork(Global.scala:345)
	at scala.tools.nsc.interactive.PresentationCompilerThread.run(PresentationCompilerThread.scala:22)
2013-07-23 23:29:43,531 ERROR [main] - org.scala-ide.sdt.core - org.scala-ide.sdt.core - org.scala-ide.sdt.core - 0 - Error during askOption
java.lang.StringIndexOutOfBoundsException: String index out of range: -1
	at java.lang.String.substring(Unknown Source)
	at scala.tools.refactoring.common.PimpedTrees$TreeMethodsForPositions.nameString(PimpedTrees.scala:315)
	at scala.tools.refactoring.common.PimpedTrees$TreeMethodsForPositions.namePosition(PimpedTrees.scala:224)
	at scala.tools.eclipse.semantichighlighting.classifier.SafeSymbol$$anonfun$5.apply(SafeSymbol.scala:111)
	at scala.tools.eclipse.semantichighlighting.classifier.SafeSymbol$$anonfun$5.apply(SafeSymbol.scala:111)
	at scala.tools.nsc.util.InterruptReq.execute(InterruptReq.scala:26)
	at scala.tools.nsc.interactive.Global.pollForWork(Global.scala:340)
	at scala.tools.nsc.interactive.Global.pollForWork(Global.scala:345)
	at scala.tools.nsc.interactive.Global.pollForWork(Global.scala:345)
	at scala.tools.nsc.interactive.Global.pollForWork(Global.scala:345)
	at scala.tools.nsc.interactive.Global.pollForWork(Global.scala:345)
	at scala.tools.nsc.interactive.Global.pollForWork(Global.scala:345)
	at scala.tools.nsc.interactive.Global.pollForWork(Global.scala:345)
	at scala.tools.nsc.interactive.Global.pollForWork(Global.scala:345)
	at scala.tools.nsc.interactive.Global.pollForWork(Global.scala:345)
	at scala.tools.nsc.interactive.Global.pollForWork(Global.scala:345)
	at scala.tools.nsc.interactive.Global.pollForWork(Global.scala:345)
	at scala.tools.nsc.interactive.Global.pollForWork(Global.scala:345)
	at scala.tools.nsc.interactive.Global.pollForWork(Global.scala:345)
	at scala.tools.nsc.interactive.Global.pollForWork(Global.scala:345)
	at scala.tools.nsc.interactive.Global.pollForWork(Global.scala:345)
	at scala.tools.nsc.interactive.Global.pollForWork(Global.scala:345)
	at scala.tools.nsc.interactive.Global.pollForWork(Global.scala:345)
	at scala.tools.nsc.interactive.Global.pollForWork(Global.scala:345)
	at scala.tools.nsc.interactive.Global.pollForWork(Global.scala:345)
	at scala.tools.nsc.interactive.Global.pollForWork(Global.scala:345)
	at scala.tools.nsc.interactive.Global.pollForWork(Global.scala:345)
	at scala.tools.nsc.interactive.Global.pollForWork(Global.scala:345)
	at scala.tools.nsc.interactive.Global.pollForWork(Global.scala:345)
	at scala.tools.nsc.interactive.Global.pollForWork(Global.scala:345)
	at scala.tools.nsc.interactive.Global.pollForWork(Global.scala:345)
	at scala.tools.nsc.interactive.Global.pollForWork(Global.scala:345)
	at scala.tools.nsc.interactive.Global.pollForWork(Global.scala:345)
	at scala.tools.nsc.interactive.Global.pollForWork(Global.scala:345)
	at scala.tools.nsc.interactive.Global.pollForWork(Global.scala:345)
	at scala.tools.nsc.interactive.Global.pollForWork(Global.scala:345)
	at scala.tools.nsc.interactive.Global.pollForWork(Global.scala:345)
	at scala.tools.nsc.interactive.Global.pollForWork(Global.scala:345)
	at scala.tools.nsc.interactive.Global.pollForWork(Global.scala:345)
	at scala.tools.nsc.interactive.Global.pollForWork(Global.scala:345)
	at scala.tools.nsc.interactive.Global.pollForWork(Global.scala:345)
	at scala.tools.nsc.interactive.Global.pollForWork(Global.scala:345)
	at scala.tools.nsc.interactive.Global.pollForWork(Global.scala:345)
	at scala.tools.nsc.interactive.Global.pollForWork(Global.scala:345)
	at scala.tools.nsc.interactive.Global.pollForWork(Global.scala:345)
	at scala.tools.nsc.interactive.Global.pollForWork(Global.scala:345)
	at scala.tools.nsc.interactive.Global.pollForWork(Global.scala:345)
	at scala.tools.nsc.interactive.Global.pollForWork(Global.scala:345)
	at scala.tools.nsc.interactive.Global.pollForWork(Global.scala:345)
	at scala.tools.nsc.interactive.Global.pollForWork(Global.scala:345)
	at scala.tools.nsc.interactive.Global.pollForWork(Global.scala:345)
	at scala.tools.nsc.interactive.Global.pollForWork(Global.scala:345)
	at scala.tools.nsc.interactive.Global.pollForWork(Global.scala:345)
	at scala.tools.nsc.interactive.Global.pollForWork(Global.scala:345)
	at scala.tools.nsc.interactive.Global.pollForWork(Global.scala:345)
	at scala.tools.nsc.interactive.Global.pollForWork(Global.scala:345)
	at scala.tools.nsc.interactive.Global.pollForWork(Global.scala:345)
	at scala.tools.nsc.interactive.Global.pollForWork(Global.scala:345)
	at scala.tools.nsc.interactive.Global.pollForWork(Global.scala:345)
	at scala.tools.nsc.interactive.Global.pollForWork(Global.scala:345)
	at scala.tools.nsc.interactive.Global.pollForWork(Global.scala:345)
	at scala.tools.nsc.interactive.Global.pollForWork(Global.scala:345)
	at scala.tools.nsc.interactive.Global.pollForWork(Global.scala:345)
	at scala.tools.nsc.interactive.Global.pollForWork(Global.scala:345)
	at scala.tools.nsc.interactive.Global.pollForWork(Global.scala:345)
	at scala.tools.nsc.interactive.Global.pollForWork(Global.scala:345)
	at scala.tools.nsc.interactive.Global.pollForWork(Global.scala:345)
	at scala.tools.nsc.interactive.Global.pollForWork(Global.scala:345)
	at scala.tools.nsc.interactive.Global.pollForWork(Global.scala:345)
	at scala.tools.nsc.interactive.Global.pollForWork(Global.scala:345)
	at scala.tools.nsc.interactive.Global.pollForWork(Global.scala:345)
	at scala.tools.nsc.interactive.Global.pollForWork(Global.scala:345)
	at scala.tools.nsc.interactive.Global.pollForWork(Global.scala:345)
	at scala.tools.nsc.interactive.Global.pollForWork(Global.scala:345)
	at scala.tools.nsc.interactive.Global.pollForWork(Global.scala:345)
	at scala.tools.nsc.interactive.Global.pollForWork(Global.scala:345)
	at scala.tools.nsc.interactive.Global.pollForWork(Global.scala:345)
	at scala.tools.nsc.interactive.Global.pollForWork(Global.scala:345)
	at scala.tools.nsc.interactive.Global.pollForWork(Global.scala:345)
	at scala.tools.nsc.interactive.Global.pollForWork(Global.scala:345)
	at scala.tools.nsc.interactive.Global.pollForWork(Global.scala:345)
	at scala.tools.nsc.interactive.Global.pollForWork(Global.scala:345)
	at scala.tools.nsc.interactive.Global.pollForWork(Global.scala:345)
	at scala.tools.nsc.interactive.Global.pollForWork(Global.scala:345)
	at scala.tools.nsc.interactive.Global.pollForWork(Global.scala:345)
	at scala.tools.nsc.interactive.Global.pollForWork(Global.scala:345)
	at scala.tools.nsc.interactive.Global.pollForWork(Global.scala:345)
	at scala.tools.nsc.interactive.Global.pollForWork(Global.scala:345)
	at scala.tools.nsc.interactive.Global.pollForWork(Global.scala:345)
	at scala.tools.nsc.interactive.Global.pollForWork(Global.scala:345)
	at scala.tools.nsc.interactive.Global.pollForWork(Global.scala:345)
	at scala.tools.nsc.interactive.Global.pollForWork(Global.scala:345)
	at scala.tools.nsc.interactive.Global.pollForWork(Global.scala:345)
	at scala.tools.nsc.interactive.Global.pollForWork(Global.scala:345)
	at scala.tools.nsc.interactive.Global.pollForWork(Global.scala:345)
	at scala.tools.nsc.interactive.Global.pollForWork(Global.scala:345)
	at scala.tools.nsc.interactive.Global.pollForWork(Global.scala:345)
	at scala.tools.nsc.interactive.Global.pollForWork(Global.scala:345)
	at scala.tools.nsc.interactive.Global.pollForWork(Global.scala:345)
	at scala.tools.nsc.interactive.Global.pollForWork(Global.scala:345)
	at scala.tools.nsc.interactive.Global.pollForWork(Global.scala:345)
	at scala.tools.nsc.interactive.Global.pollForWork(Global.scala:345)
	at scala.tools.nsc.interactive.Global.pollForWork(Global.scala:345)
	at scala.tools.nsc.interactive.Global.pollForWork(Global.scala:345)
	at scala.tools.nsc.interactive.Global.pollForWork(Global.scala:345)
	at scala.tools.nsc.interactive.Global.pollForWork(Global.scala:345)
	at scala.tools.nsc.interactive.Global.pollForWork(Global.scala:345)
	at scala.tools.nsc.interactive.Global.pollForWork(Global.scala:345)
	at scala.tools.nsc.interactive.Global.pollForWork(Global.scala:345)
	at scala.tools.nsc.interactive.Global.pollForWork(Global.scala:345)
	at scala.tools.nsc.interactive.Global.pollForWork(Global.scala:345)
	at scala.tools.nsc.interactive.Global.pollForWork(Global.scala:345)
	at scala.tools.nsc.interactive.Global.pollForWork(Global.scala:345)
	at scala.tools.nsc.interactive.Global.pollForWork(Global.scala:345)
	at scala.tools.nsc.interactive.Global.pollForWork(Global.scala:345)
	at scala.tools.nsc.interactive.Global.pollForWork(Global.scala:345)
	at scala.tools.nsc.interactive.Global.pollForWork(Global.scala:345)
	at scala.tools.nsc.interactive.Global.pollForWork(Global.scala:345)
	at scala.tools.nsc.interactive.Global.pollForWork(Global.scala:345)
	at scala.tools.nsc.interactive.Global.pollForWork(Global.scala:345)
	at scala.tools.nsc.interactive.Global.pollForWork(Global.scala:345)
	at scala.tools.nsc.interactive.Global.pollForWork(Global.scala:345)
	at scala.tools.nsc.interactive.Global.pollForWork(Global.scala:345)
	at scala.tools.nsc.interactive.Global.pollForWork(Global.scala:345)
	at scala.tools.nsc.interactive.Global.pollForWork(Global.scala:345)
	at scala.tools.nsc.interactive.Global.pollForWork(Global.scala:345)
	at scala.tools.nsc.interactive.Global.pollForWork(Global.scala:345)
	at scala.tools.nsc.interactive.Global.pollForWork(Global.scala:345)
	at scala.tools.nsc.interactive.Global.pollForWork(Global.scala:345)
	at scala.tools.nsc.interactive.Global.pollForWork(Global.scala:345)
	at scala.tools.nsc.interactive.Global.pollForWork(Global.scala:345)
	at scala.tools.nsc.interactive.Global.pollForWork(Global.scala:345)
	at scala.tools.nsc.interactive.Global.pollForWork(Global.scala:345)
	at scala.tools.nsc.interactive.Global.pollForWork(Global.scala:345)
	at scala.tools.nsc.interactive.Global.pollForWork(Global.scala:345)
	at scala.tools.nsc.interactive.Global.pollForWork(Global.scala:345)
	at scala.tools.nsc.interactive.Global.pollForWork(Global.scala:345)
	at scala.tools.nsc.interactive.Global.pollForWork(Global.scala:345)
	at scala.tools.nsc.interactive.Global.pollForWork(Global.scala:345)
	at scala.tools.nsc.interactive.Global.pollForWork(Global.scala:345)
	at scala.tools.nsc.interactive.Global.pollForWork(Global.scala:345)
	at scala.tools.nsc.interactive.Global.pollForWork(Global.scala:345)
	at scala.tools.nsc.interactive.Global.pollForWork(Global.scala:345)
	at scala.tools.nsc.interactive.Global.pollForWork(Global.scala:345)
	at scala.tools.nsc.interactive.Global.pollForWork(Global.scala:345)
	at scala.tools.nsc.interactive.Global.pollForWork(Global.scala:345)
	at scala.tools.nsc.interactive.Global.pollForWork(Global.scala:345)
	at scala.tools.nsc.interactive.Global.pollForWork(Global.scala:345)
	at scala.tools.nsc.interactive.Global.pollForWork(Global.scala:345)
	at scala.tools.nsc.interactive.Global.pollForWork(Global.scala:345)
	at scala.tools.nsc.interactive.Global.pollForWork(Global.scala:345)
	at scala.tools.nsc.interactive.Global.pollForWork(Global.scala:345)
	at scala.tools.nsc.interactive.PresentationCompilerThread.run(PresentationCompilerThread.scala:22)
2013-07-23 23:29:44,598 ERROR [main] - org.scala-ide.sdt.core - org.scala-ide.sdt.core - org.scala-ide.sdt.core - 0 - Error during askOption
java.lang.StringIndexOutOfBoundsException: String index out of range: -1
	at java.lang.String.substring(Unknown Source)
	at scala.tools.refactoring.common.PimpedTrees$TreeMethodsForPositions.nameString(PimpedTrees.scala:315)
	at scala.tools.refactoring.common.PimpedTrees$TreeMethodsForPositions.namePosition(PimpedTrees.scala:224)
	at scala.tools.eclipse.semantichighlighting.classifier.SafeSymbol$$anonfun$5.apply(SafeSymbol.scala:111)
	at scala.tools.eclipse.semantichighlighting.classifier.SafeSymbol$$anonfun$5.apply(SafeSymbol.scala:111)
	at scala.tools.nsc.util.InterruptReq.execute(InterruptReq.scala:26)
	at scala.tools.nsc.interactive.Global.pollForWork(Global.scala:340)
	at scala.tools.nsc.interactive.Global.pollForWork(Global.scala:345)
	at scala.tools.nsc.interactive.Global.pollForWork(Global.scala:345)
	at scala.tools.nsc.interactive.Global.pollForWork(Global.scala:345)
	at scala.tools.nsc.interactive.Global.pollForWork(Global.scala:345)
	at scala.tools.nsc.interactive.Global.pollForWork(Global.scala:345)
	at scala.tools.nsc.interactive.Global.pollForWork(Global.scala:345)
	at scala.tools.nsc.interactive.Global.pollForWork(Global.scala:345)
	at scala.tools.nsc.interactive.Global.pollForWork(Global.scala:345)
	at scala.tools.nsc.interactive.Global.pollForWork(Global.scala:345)
	at scala.tools.nsc.interactive.Global.pollForWork(Global.scala:345)
	at scala.tools.nsc.interactive.Global.pollForWork(Global.scala:345)
	at scala.tools.nsc.interactive.Global.pollForWork(Global.scala:345)
	at scala.tools.nsc.interactive.Global.pollForWork(Global.scala:345)
	at scala.tools.nsc.interactive.Global.pollForWork(Global.scala:345)
	at scala.tools.nsc.interactive.Global.pollForWork(Global.scala:345)
	at scala.tools.nsc.interactive.Global.pollForWork(Global.scala:345)
	at scala.tools.nsc.interactive.Global.pollForWork(Global.scala:345)
	at scala.tools.nsc.interactive.Global.pollForWork(Global.scala:345)
	at scala.tools.nsc.interactive.Global.pollForWork(Global.scala:345)
	at scala.tools.nsc.interactive.Global.pollForWork(Global.scala:345)
	at scala.tools.nsc.interactive.Global.pollForWork(Global.scala:345)
	at scala.tools.nsc.interactive.Global.pollForWork(Global.scala:345)
	at scala.tools.nsc.interactive.Global.pollForWork(Global.scala:345)
	at scala.tools.nsc.interactive.Global.pollForWork(Global.scala:345)
	at scala.tools.nsc.interactive.Global.pollForWork(Global.scala:345)
	at scala.tools.nsc.interactive.Global.pollForWork(Global.scala:345)
	at scala.tools.nsc.interactive.Global.pollForWork(Global.scala:345)
	at scala.tools.nsc.interactive.Global.pollForWork(Global.scala:345)
	at scala.tools.nsc.interactive.Global.pollForWork(Global.scala:345)
	at scala.tools.nsc.interactive.Global.pollForWork(Global.scala:345)
	at scala.tools.nsc.interactive.Global.pollForWork(Global.scala:345)
	at scala.tools.nsc.interactive.Global.pollForWork(Global.scala:345)
	at scala.tools.nsc.interactive.Global.pollForWork(Global.scala:345)
	at scala.tools.nsc.interactive.Global.pollForWork(Global.scala:345)
	at scala.tools.nsc.interactive.Global.pollForWork(Global.scala:345)
	at scala.tools.nsc.interactive.Global.pollForWork(Global.scala:345)
	at scala.tools.nsc.interactive.Global.pollForWork(Global.scala:345)
	at scala.tools.nsc.interactive.Global.pollForWork(Global.scala:345)
	at scala.tools.nsc.interactive.Global.pollForWork(Global.scala:345)
	at scala.tools.nsc.interactive.Global.pollForWork(Global.scala:345)
	at scala.tools.nsc.interactive.Global.pollForWork(Global.scala:345)
	at scala.tools.nsc.interactive.Global.pollForWork(Global.scala:345)
	at scala.tools.nsc.interactive.Global.pollForWork(Global.scala:345)
	at scala.tools.nsc.interactive.Global.pollForWork(Global.scala:345)
	at scala.tools.nsc.interactive.Global.pollForWork(Global.scala:345)
	at scala.tools.nsc.interactive.Global.pollForWork(Global.scala:345)
	at scala.tools.nsc.interactive.Global.pollForWork(Global.scala:345)
	at scala.tools.nsc.interactive.Global.pollForWork(Global.scala:345)
	at scala.tools.nsc.interactive.Global.pollForWork(Global.scala:345)
	at scala.tools.nsc.interactive.Global.pollForWork(Global.scala:345)
	at scala.tools.nsc.interactive.Global.pollForWork(Global.scala:345)
	at scala.tools.nsc.interactive.Global.pollForWork(Global.scala:345)
	at scala.tools.nsc.interactive.Global.pollForWork(Global.scala:345)
	at scala.tools.nsc.interactive.Global.pollForWork(Global.scala:345)
	at scala.tools.nsc.interactive.Global.pollForWork(Global.scala:345)
	at scala.tools.nsc.interactive.Global.pollForWork(Global.scala:345)
	at scala.tools.nsc.interactive.Global.pollForWork(Global.scala:345)
	at scala.tools.nsc.interactive.Global.pollForWork(Global.scala:345)
	at scala.tools.nsc.interactive.Global.pollForWork(Global.scala:345)
	at scala.tools.nsc.interactive.Global.pollForWork(Global.scala:345)
	at scala.tools.nsc.interactive.Global.pollForWork(Global.scala:345)
	at scala.tools.nsc.interactive.Global.pollForWork(Global.scala:345)
	at scala.tools.nsc.interactive.Global.pollForWork(Global.scala:345)
	at scala.tools.nsc.interactive.Global.pollForWork(Global.scala:345)
	at scala.tools.nsc.interactive.Global.pollForWork(Global.scala:345)
	at scala.tools.nsc.interactive.Global.pollForWork(Global.scala:345)
	at scala.tools.nsc.interactive.Global.pollForWork(Global.scala:345)
	at scala.tools.nsc.interactive.Global.pollForWork(Global.scala:345)
	at scala.tools.nsc.interactive.Global.pollForWork(Global.scala:345)
	at scala.tools.nsc.interactive.Global.pollForWork(Global.scala:345)
	at scala.tools.nsc.interactive.Global.pollForWork(Global.scala:345)
	at scala.tools.nsc.interactive.Global.pollForWork(Global.scala:345)
	at scala.tools.nsc.interactive.Global.pollForWork(Global.scala:345)
	at scala.tools.nsc.interactive.Global.pollForWork(Global.scala:345)
	at scala.tools.nsc.interactive.Global.pollForWork(Global.scala:345)
	at scala.tools.nsc.interactive.Global.pollForWork(Global.scala:345)
	at scala.tools.nsc.interactive.Global.pollForWork(Global.scala:345)
	at scala.tools.nsc.interactive.Global.pollForWork(Global.scala:345)
	at scala.tools.nsc.interactive.Global.pollForWork(Global.scala:345)
	at scala.tools.nsc.interactive.Global.pollForWork(Global.scala:345)
	at scala.tools.nsc.interactive.Global.pollForWork(Global.scala:345)
	at scala.tools.nsc.interactive.Global.pollForWork(Global.scala:345)
	at scala.tools.nsc.interactive.Global.pollForWork(Global.scala:345)
	at scala.tools.nsc.interactive.Global.pollForWork(Global.scala:345)
	at scala.tools.nsc.interactive.Global.pollForWork(Global.scala:345)
	at scala.tools.nsc.interactive.Global.pollForWork(Global.scala:345)
	at scala.tools.nsc.interactive.Global.pollForWork(Global.scala:345)
	at scala.tools.nsc.interactive.Global.pollForWork(Global.scala:345)
	at scala.tools.nsc.interactive.Global.pollForWork(Global.scala:345)
	at scala.tools.nsc.interactive.Global.pollForWork(Global.scala:345)
	at scala.tools.nsc.interactive.Global.pollForWork(Global.scala:345)
	at scala.tools.nsc.interactive.Global.pollForWork(Global.scala:345)
	at scala.tools.nsc.interactive.Global.pollForWork(Global.scala:345)
	at scala.tools.nsc.interactive.Global.pollForWork(Global.scala:345)
	at scala.tools.nsc.interactive.Global.pollForWork(Global.scala:345)
	at scala.tools.nsc.interactive.Global.pollForWork(Global.scala:345)
	at scala.tools.nsc.interactive.Global.pollForWork(Global.scala:345)
	at scala.tools.nsc.interactive.Global.pollForWork(Global.scala:345)
	at scala.tools.nsc.interactive.Global.pollForWork(Global.scala:345)
	at scala.tools.nsc.interactive.Global.pollForWork(Global.scala:345)
	at scala.tools.nsc.interactive.Global.pollForWork(Global.scala:345)
	at scala.tools.nsc.interactive.Global.pollForWork(Global.scala:345)
	at scala.tools.nsc.interactive.Global.pollForWork(Global.scala:345)
	at scala.tools.nsc.interactive.Global.pollForWork(Global.scala:345)
	at scala.tools.nsc.interactive.Global.pollForWork(Global.scala:345)
	at scala.tools.nsc.interactive.Global.pollForWork(Global.scala:345)
	at scala.tools.nsc.interactive.Global.pollForWork(Global.scala:345)
	at scala.tools.nsc.interactive.Global.pollForWork(Global.scala:345)
	at scala.tools.nsc.interactive.Global.pollForWork(Global.scala:345)
	at scala.tools.nsc.interactive.Global.pollForWork(Global.scala:345)
	at scala.tools.nsc.interactive.Global.pollForWork(Global.scala:345)
	at scala.tools.nsc.interactive.Global.pollForWork(Global.scala:345)
	at scala.tools.nsc.interactive.Global.pollForWork(Global.scala:345)
	at scala.tools.nsc.interactive.Global.pollForWork(Global.scala:345)
	at scala.tools.nsc.interactive.Global.pollForWork(Global.scala:345)
	at scala.tools.nsc.interactive.Global.pollForWork(Global.scala:345)
	at scala.tools.nsc.interactive.Global.pollForWork(Global.scala:345)
	at scala.tools.nsc.interactive.Global.pollForWork(Global.scala:345)
	at scala.tools.nsc.interactive.Global.pollForWork(Global.scala:345)
	at scala.tools.nsc.interactive.Global.pollForWork(Global.scala:345)
	at scala.tools.nsc.interactive.Global.pollForWork(Global.scala:345)
	at scala.tools.nsc.interactive.Global.pollForWork(Global.scala:345)
	at scala.tools.nsc.interactive.Global.pollForWork(Global.scala:345)
	at scala.tools.nsc.interactive.Global.pollForWork(Global.scala:345)
	at scala.tools.nsc.interactive.Global.pollForWork(Global.scala:345)
	at scala.tools.nsc.interactive.Global.pollForWork(Global.scala:345)
	at scala.tools.nsc.interactive.Global.pollForWork(Global.scala:345)
	at scala.tools.nsc.interactive.Global.pollForWork(Global.scala:345)
	at scala.tools.nsc.interactive.Global.pollForWork(Global.scala:345)
	at scala.tools.nsc.interactive.Global.pollForWork(Global.scala:345)
	at scala.tools.nsc.interactive.Global.pollForWork(Global.scala:345)
	at scala.tools.nsc.interactive.PresentationCompilerThread.run(PresentationCompilerThread.scala:22)
2013-07-23 23:29:48,178 ERROR [main] - org.scala-ide.sdt.core - org.scala-ide.sdt.core - org.scala-ide.sdt.core - 0 - Error during askOption
java.lang.StringIndexOutOfBoundsException: String index out of range: -1
	at java.lang.String.substring(Unknown Source)
	at scala.tools.refactoring.common.PimpedTrees$TreeMethodsForPositions.nameString(PimpedTrees.scala:315)
	at scala.tools.refactoring.common.PimpedTrees$TreeMethodsForPositions.namePosition(PimpedTrees.scala:224)
	at scala.tools.eclipse.semantichighlighting.classifier.SafeSymbol$$anonfun$5.apply(SafeSymbol.scala:111)
	at scala.tools.eclipse.semantichighlighting.classifier.SafeSymbol$$anonfun$5.apply(SafeSymbol.scala:111)
	at scala.tools.nsc.util.InterruptReq.execute(InterruptReq.scala:26)
	at scala.tools.nsc.interactive.Global.pollForWork(Global.scala:340)
	at scala.tools.nsc.interactive.PresentationCompilerThread.run(PresentationCompilerThread.scala:22)
2013-07-23 23:29:50,687 ERROR [main] - org.scala-ide.sdt.core - org.scala-ide.sdt.core - org.scala-ide.sdt.core - 0 - Error during askOption
java.lang.StringIndexOutOfBoundsException: String index out of range: -1
	at java.lang.String.substring(Unknown Source)
	at scala.tools.refactoring.common.PimpedTrees$TreeMethodsForPositions.nameString(PimpedTrees.scala:315)
	at scala.tools.refactoring.common.PimpedTrees$TreeMethodsForPositions.namePosition(PimpedTrees.scala:224)
	at scala.tools.eclipse.semantichighlighting.classifier.SafeSymbol$$anonfun$5.apply(SafeSymbol.scala:111)
	at scala.tools.eclipse.semantichighlighting.classifier.SafeSymbol$$anonfun$5.apply(SafeSymbol.scala:111)
	at scala.tools.nsc.util.InterruptReq.execute(InterruptReq.scala:26)
	at scala.tools.nsc.interactive.Global.pollForWork(Global.scala:340)
	at scala.tools.nsc.interactive.PresentationCompilerThread.run(PresentationCompilerThread.scala:22)
2013-07-23 23:30:04,565 ERROR [main] - org.scala-ide.sdt.core - org.scala-ide.sdt.core - org.scala-ide.sdt.core - 0 - Error during askOption
java.lang.StringIndexOutOfBoundsException: String index out of range: -1
	at java.lang.String.substring(Unknown Source)
	at scala.tools.refactoring.common.PimpedTrees$TreeMethodsForPositions.nameString(PimpedTrees.scala:315)
	at scala.tools.refactoring.common.PimpedTrees$TreeMethodsForPositions.namePosition(PimpedTrees.scala:224)
	at scala.tools.eclipse.semantichighlighting.classifier.SafeSymbol$$anonfun$5.apply(SafeSymbol.scala:111)
	at scala.tools.eclipse.semantichighlighting.classifier.SafeSymbol$$anonfun$5.apply(SafeSymbol.scala:111)
	at scala.tools.nsc.util.InterruptReq.execute(InterruptReq.scala:26)
	at scala.tools.nsc.interactive.Global.pollForWork(Global.scala:340)
	at scala.tools.nsc.interactive.PresentationCompilerThread.run(PresentationCompilerThread.scala:22)
2013-07-23 23:30:06,315 ERROR [main] - org.scala-ide.sdt.core - org.scala-ide.sdt.core - org.scala-ide.sdt.core - 0 - Error during askOption
java.lang.StringIndexOutOfBoundsException: String index out of range: -1
	at java.lang.String.substring(Unknown Source)
	at scala.tools.refactoring.common.PimpedTrees$TreeMethodsForPositions.nameString(PimpedTrees.scala:315)
	at scala.tools.refactoring.common.PimpedTrees$TreeMethodsForPositions.namePosition(PimpedTrees.scala:224)
	at scala.tools.eclipse.semantichighlighting.classifier.SafeSymbol$$anonfun$5.apply(SafeSymbol.scala:111)
	at scala.tools.eclipse.semantichighlighting.classifier.SafeSymbol$$anonfun$5.apply(SafeSymbol.scala:111)
	at scala.tools.nsc.util.InterruptReq.execute(InterruptReq.scala:26)
	at scala.tools.nsc.interactive.Global.pollForWork(Global.scala:340)
	at scala.tools.nsc.interactive.Global.pollForWork(Global.scala:345)
	at scala.tools.nsc.interactive.Global.pollForWork(Global.scala:345)
	at scala.tools.nsc.interactive.Global.pollForWork(Global.scala:345)
	at scala.tools.nsc.interactive.Global.pollForWork(Global.scala:345)
	at scala.tools.nsc.interactive.Global.pollForWork(Global.scala:345)
	at scala.tools.nsc.interactive.Global.pollForWork(Global.scala:345)
	at scala.tools.nsc.interactive.Global.pollForWork(Global.scala:345)
	at scala.tools.nsc.interactive.Global.pollForWork(Global.scala:345)
	at scala.tools.nsc.interactive.Global.pollForWork(Global.scala:345)
	at scala.tools.nsc.interactive.Global.pollForWork(Global.scala:345)
	at scala.tools.nsc.interactive.Global.pollForWork(Global.scala:345)
	at scala.tools.nsc.interactive.Global.pollForWork(Global.scala:345)
	at scala.tools.nsc.interactive.Global.pollForWork(Global.scala:345)
	at scala.tools.nsc.interactive.Global.pollForWork(Global.scala:345)
	at scala.tools.nsc.interactive.Global.pollForWork(Global.scala:345)
	at scala.tools.nsc.interactive.Global.pollForWork(Global.scala:345)
	at scala.tools.nsc.interactive.Global.pollForWork(Global.scala:345)
	at scala.tools.nsc.interactive.Global.pollForWork(Global.scala:345)
	at scala.tools.nsc.interactive.Global.pollForWork(Global.scala:345)
	at scala.tools.nsc.interactive.Global.pollForWork(Global.scala:345)
	at scala.tools.nsc.interactive.Global.pollForWork(Global.scala:345)
	at scala.tools.nsc.interactive.Global.pollForWork(Global.scala:345)
	at scala.tools.nsc.interactive.Global.pollForWork(Global.scala:345)
	at scala.tools.nsc.interactive.Global.pollForWork(Global.scala:345)
	at scala.tools.nsc.interactive.Global.pollForWork(Global.scala:345)
	at scala.tools.nsc.interactive.Global.pollForWork(Global.scala:345)
	at scala.tools.nsc.interactive.Global.pollForWork(Global.scala:345)
	at scala.tools.nsc.interactive.Global.pollForWork(Global.scala:345)
	at scala.tools.nsc.interactive.Global.pollForWork(Global.scala:345)
	at scala.tools.nsc.interactive.Global.pollForWork(Global.scala:345)
	at scala.tools.nsc.interactive.Global.pollForWork(Global.scala:345)
	at scala.tools.nsc.interactive.Global.pollForWork(Global.scala:345)
	at scala.tools.nsc.interactive.Global.pollForWork(Global.scala:345)
	at scala.tools.nsc.interactive.Global.pollForWork(Global.scala:345)
	at scala.tools.nsc.interactive.Global.pollForWork(Global.scala:345)
	at scala.tools.nsc.interactive.Global.pollForWork(Global.scala:345)
	at scala.tools.nsc.interactive.Global.pollForWork(Global.scala:345)
	at scala.tools.nsc.interactive.Global.pollForWork(Global.scala:345)
	at scala.tools.nsc.interactive.Global.pollForWork(Global.scala:345)
	at scala.tools.nsc.interactive.Global.pollForWork(Global.scala:345)
	at scala.tools.nsc.interactive.Global.pollForWork(Global.scala:345)
	at scala.tools.nsc.interactive.Global.pollForWork(Global.scala:345)
	at scala.tools.nsc.interactive.Global.pollForWork(Global.scala:345)
	at scala.tools.nsc.interactive.Global.pollForWork(Global.scala:345)
	at scala.tools.nsc.interactive.Global.pollForWork(Global.scala:345)
	at scala.tools.nsc.interactive.Global.pollForWork(Global.scala:345)
	at scala.tools.nsc.interactive.Global.pollForWork(Global.scala:345)
	at scala.tools.nsc.interactive.Global.pollForWork(Global.scala:345)
	at scala.tools.nsc.interactive.Global.pollForWork(Global.scala:345)
	at scala.tools.nsc.interactive.Global.pollForWork(Global.scala:345)
	at scala.tools.nsc.interactive.Global.pollForWork(Global.scala:345)
	at scala.tools.nsc.interactive.Global.pollForWork(Global.scala:345)
	at scala.tools.nsc.interactive.Global.pollForWork(Global.scala:345)
	at scala.tools.nsc.interactive.Global.pollForWork(Global.scala:345)
	at scala.tools.nsc.interactive.Global.pollForWork(Global.scala:345)
	at scala.tools.nsc.interactive.Global.pollForWork(Global.scala:345)
	at scala.tools.nsc.interactive.Global.pollForWork(Global.scala:345)
	at scala.tools.nsc.interactive.Global.pollForWork(Global.scala:345)
	at scala.tools.nsc.interactive.Global.pollForWork(Global.scala:345)
	at scala.tools.nsc.interactive.Global.pollForWork(Global.scala:345)
	at scala.tools.nsc.interactive.Global.pollForWork(Global.scala:345)
	at scala.tools.nsc.interactive.Global.pollForWork(Global.scala:345)
	at scala.tools.nsc.interactive.Global.pollForWork(Global.scala:345)
	at scala.tools.nsc.interactive.Global.pollForWork(Global.scala:345)
	at scala.tools.nsc.interactive.Global.pollForWork(Global.scala:345)
	at scala.tools.nsc.interactive.Global.pollForWork(Global.scala:345)
	at scala.tools.nsc.interactive.Global.pollForWork(Global.scala:345)
	at scala.tools.nsc.interactive.Global.pollForWork(Global.scala:345)
	at scala.tools.nsc.interactive.Global.pollForWork(Global.scala:345)
	at scala.tools.nsc.interactive.Global.pollForWork(Global.scala:345)
	at scala.tools.nsc.interactive.Global.pollForWork(Global.scala:345)
	at scala.tools.nsc.interactive.Global.pollForWork(Global.scala:345)
	at scala.tools.nsc.interactive.Global.pollForWork(Global.scala:345)
	at scala.tools.nsc.interactive.Global.pollForWork(Global.scala:345)
	at scala.tools.nsc.interactive.Global.pollForWork(Global.scala:345)
	at scala.tools.nsc.interactive.Global.pollForWork(Global.scala:345)
	at scala.tools.nsc.interactive.Global.pollForWork(Global.scala:345)
	at scala.tools.nsc.interactive.Global.pollForWork(Global.scala:345)
	at scala.tools.nsc.interactive.Global.pollForWork(Global.scala:345)
	at scala.tools.nsc.interactive.Global.pollForWork(Global.scala:345)
	at scala.tools.nsc.interactive.Global.pollForWork(Global.scala:345)
	at scala.tools.nsc.interactive.Global.pollForWork(Global.scala:345)
	at scala.tools.nsc.interactive.Global.pollForWork(Global.scala:345)
	at scala.tools.nsc.interactive.Global.pollForWork(Global.scala:345)
	at scala.tools.nsc.interactive.Global.pollForWork(Global.scala:345)
	at scala.tools.nsc.interactive.Global.pollForWork(Global.scala:345)
	at scala.tools.nsc.interactive.Global.pollForWork(Global.scala:345)
	at scala.tools.nsc.interactive.Global.pollForWork(Global.scala:345)
	at scala.tools.nsc.interactive.Global.pollForWork(Global.scala:345)
	at scala.tools.nsc.interactive.Global.pollForWork(Global.scala:345)
	at scala.tools.nsc.interactive.Global.pollForWork(Global.scala:345)
	at scala.tools.nsc.interactive.Global.pollForWork(Global.scala:345)
	at scala.tools.nsc.interactive.Global.pollForWork(Global.scala:345)
	at scala.tools.nsc.interactive.Global.pollForWork(Global.scala:345)
	at scala.tools.nsc.interactive.Global.pollForWork(Global.scala:345)
	at scala.tools.nsc.interactive.Global.pollForWork(Global.scala:345)
	at scala.tools.nsc.interactive.Global.pollForWork(Global.scala:345)
	at scala.tools.nsc.interactive.Global.pollForWork(Global.scala:345)
	at scala.tools.nsc.interactive.Global.pollForWork(Global.scala:345)
	at scala.tools.nsc.interactive.Global.pollForWork(Global.scala:345)
	at scala.tools.nsc.interactive.Global.pollForWork(Global.scala:345)
	at scala.tools.nsc.interactive.Global.pollForWork(Global.scala:345)
	at scala.tools.nsc.interactive.Global.pollForWork(Global.scala:345)
	at scala.tools.nsc.interactive.Global.pollForWork(Global.scala:345)
	at scala.tools.nsc.interactive.Global.pollForWork(Global.scala:345)
	at scala.tools.nsc.interactive.Global.pollForWork(Global.scala:345)
	at scala.tools.nsc.interactive.Global.pollForWork(Global.scala:345)
	at scala.tools.nsc.interactive.Global.pollForWork(Global.scala:345)
	at scala.tools.nsc.interactive.Global.pollForWork(Global.scala:345)
	at scala.tools.nsc.interactive.Global.pollForWork(Global.scala:345)
	at scala.tools.nsc.interactive.Global.pollForWork(Global.scala:345)
	at scala.tools.nsc.interactive.Global.pollForWork(Global.scala:345)
	at scala.tools.nsc.interactive.Global.pollForWork(Global.scala:345)
	at scala.tools.nsc.interactive.Global.pollForWork(Global.scala:345)
	at scala.tools.nsc.interactive.Global.pollForWork(Global.scala:345)
	at scala.tools.nsc.interactive.Global.pollForWork(Global.scala:345)
	at scala.tools.nsc.interactive.Global.pollForWork(Global.scala:345)
	at scala.tools.nsc.interactive.Global.pollForWork(Global.scala:345)
	at scala.tools.nsc.interactive.Global.pollForWork(Global.scala:345)
	at scala.tools.nsc.interactive.Global.pollForWork(Global.scala:345)
	at scala.tools.nsc.interactive.Global.pollForWork(Global.scala:345)
	at scala.tools.nsc.interactive.Global.pollForWork(Global.scala:345)
	at scala.tools.nsc.interactive.Global.pollForWork(Global.scala:345)
	at scala.tools.nsc.interactive.Global.pollForWork(Global.scala:345)
	at scala.tools.nsc.interactive.Global.pollForWork(Global.scala:345)
	at scala.tools.nsc.interactive.Global.pollForWork(Global.scala:345)
	at scala.tools.nsc.interactive.Global.pollForWork(Global.scala:345)
	at scala.tools.nsc.interactive.Global.pollForWork(Global.scala:345)
	at scala.tools.nsc.interactive.Global.pollForWork(Global.scala:345)
	at scala.tools.nsc.interactive.Global.pollForWork(Global.scala:345)
	at scala.tools.nsc.interactive.Global.pollForWork(Global.scala:345)
	at scala.tools.nsc.interactive.Global.pollForWork(Global.scala:345)
	at scala.tools.nsc.interactive.Global.pollForWork(Global.scala:345)
	at scala.tools.nsc.interactive.Global.pollForWork(Global.scala:345)
	at scala.tools.nsc.interactive.Global.pollForWork(Global.scala:345)
	at scala.tools.nsc.interactive.Global.pollForWork(Global.scala:345)
	at scala.tools.nsc.interactive.Global.pollForWork(Global.scala:345)
	at scala.tools.nsc.interactive.Global.pollForWork(Global.scala:345)
	at scala.tools.nsc.interactive.Global.pollForWork(Global.scala:345)
	at scala.tools.nsc.interactive.Global.pollForWork(Global.scala:345)
	at scala.tools.nsc.interactive.Global.pollForWork(Global.scala:345)
	at scala.tools.nsc.interactive.Global.pollForWork(Global.scala:345)
	at scala.tools.nsc.interactive.Global.pollForWork(Global.scala:345)
	at scala.tools.nsc.interactive.Global.pollForWork(Global.scala:345)
	at scala.tools.nsc.interactive.Global.pollForWork(Global.scala:345)
	at scala.tools.nsc.interactive.PresentationCompilerThread.run(PresentationCompilerThread.scala:22)
2013-07-23 23:31:40,244 ERROR [main] - org.scala-ide.sdt.core - org.scala-ide.sdt.core - org.scala-ide.sdt.core - 0 - Error during askOption
java.lang.StringIndexOutOfBoundsException: String index out of range: -1
	at java.lang.String.substring(Unknown Source)
	at scala.tools.refactoring.common.PimpedTrees$TreeMethodsForPositions.nameString(PimpedTrees.scala:315)
	at scala.tools.refactoring.common.PimpedTrees$TreeMethodsForPositions.namePosition(PimpedTrees.scala:224)
	at scala.tools.eclipse.semantichighlighting.classifier.SafeSymbol$$anonfun$5.apply(SafeSymbol.scala:111)
	at scala.tools.eclipse.semantichighlighting.classifier.SafeSymbol$$anonfun$5.apply(SafeSymbol.scala:111)
	at scala.tools.nsc.util.InterruptReq.execute(InterruptReq.scala:26)
	at scala.tools.nsc.interactive.Global.pollForWork(Global.scala:340)
	at scala.tools.nsc.interactive.PresentationCompilerThread.run(PresentationCompilerThread.scala:22)
2013-07-23 23:31:50,756 ERROR [main] - org.scala-ide.sdt.core - org.scala-ide.sdt.core - org.scala-ide.sdt.core - 0 - Error during askOption
java.lang.StringIndexOutOfBoundsException: String index out of range: -1
	at java.lang.String.substring(Unknown Source)
	at scala.tools.refactoring.common.PimpedTrees$TreeMethodsForPositions.nameString(PimpedTrees.scala:315)
	at scala.tools.refactoring.common.PimpedTrees$TreeMethodsForPositions.namePosition(PimpedTrees.scala:224)
	at scala.tools.eclipse.semantichighlighting.classifier.SafeSymbol$$anonfun$5.apply(SafeSymbol.scala:111)
	at scala.tools.eclipse.semantichighlighting.classifier.SafeSymbol$$anonfun$5.apply(SafeSymbol.scala:111)
	at scala.tools.nsc.util.InterruptReq.execute(InterruptReq.scala:26)
	at scala.tools.nsc.interactive.Global.pollForWork(Global.scala:340)
	at scala.tools.nsc.interactive.PresentationCompilerThread.run(PresentationCompilerThread.scala:22)
2013-07-23 23:31:53,352 ERROR [main] - org.scala-ide.sdt.core - org.scala-ide.sdt.core - org.scala-ide.sdt.core - 0 - Error during askOption
java.lang.StringIndexOutOfBoundsException: String index out of range: -1
	at java.lang.String.substring(Unknown Source)
	at scala.tools.refactoring.common.PimpedTrees$TreeMethodsForPositions.nameString(PimpedTrees.scala:315)
	at scala.tools.refactoring.common.PimpedTrees$TreeMethodsForPositions.namePosition(PimpedTrees.scala:224)
	at scala.tools.eclipse.semantichighlighting.classifier.SafeSymbol$$anonfun$5.apply(SafeSymbol.scala:111)
	at scala.tools.eclipse.semantichighlighting.classifier.SafeSymbol$$anonfun$5.apply(SafeSymbol.scala:111)
	at scala.tools.nsc.util.InterruptReq.execute(InterruptReq.scala:26)
	at scala.tools.nsc.interactive.Global.pollForWork(Global.scala:340)
	at scala.tools.nsc.interactive.PresentationCompilerThread.run(PresentationCompilerThread.scala:22)
